<?xml version="1.0" encoding="UTF-8"?>
<robot generator="Robot 6.0.2 (Python 3.11.0 on win32)" generated="20230129 08:50:45.808" rpa="false" schemaversion="3">
<suite id="s1" name="Zadanie" source="C:\Users\vdi-student\PycharmProjects\styczenniedziela\zadanie.robot">
<test id="s1-t1" name="Registration In Forum" line="7">
<kw name="Open Browser" library="SeleniumLibrary">
<arg>https://gotujmy.pl/forum/</arg>
<arg>Chrome</arg>
<doc>Opens a new browser instance to the optional ``url``.</doc>
<msg timestamp="20230129 08:50:46.307" level="INFO">Opening browser 'Chrome' to base url 'https://gotujmy.pl/forum/'.</msg>
<status status="PASS" starttime="20230129 08:50:46.302" endtime="20230129 08:50:56.006"/>
</kw>
<kw name="Run Keyword And Ignore Error" library="BuiltIn">
<arg>click button</arg>
<arg>//*[@id="tcf277-permissions-modal"]/div[3]/div/button[2]</arg>
<doc>Runs the given keyword with the given arguments and ignores possible error.</doc>
<kw name="Click Button" library="SeleniumLibrary">
<arg>//*[@id="tcf277-permissions-modal"]/div[3]/div/button[2]</arg>
<doc>Clicks the button identified by ``locator``.</doc>
<msg timestamp="20230129 08:50:56.009" level="INFO">Clicking button '//*[@id="tcf277-permissions-modal"]/div[3]/div/button[2]'.</msg>
<msg timestamp="20230129 08:50:56.504" level="INFO" html="true">&lt;/td&gt;&lt;/tr&gt;&lt;tr&gt;&lt;td colspan="3"&gt;&lt;a href="selenium-screenshot-3.png"&gt;&lt;img src="selenium-screenshot-3.png" width="800px"&gt;&lt;/a&gt;</msg>
<msg timestamp="20230129 08:50:56.504" level="FAIL">Button with locator '//*[@id="tcf277-permissions-modal"]/div[3]/div/button[2]' not found.</msg>
<status status="FAIL" starttime="20230129 08:50:56.008" endtime="20230129 08:50:56.509"/>
</kw>
<status status="PASS" starttime="20230129 08:50:56.008" endtime="20230129 08:50:56.509"/>
</kw>
<kw name="Click Element" library="SeleniumLibrary">
<arg>//*[@id="navTop"]/nav/ul[1]/li[2]/a</arg>
<doc>Click the element identified by ``locator``.</doc>
<msg timestamp="20230129 08:50:56.514" level="INFO">Clicking element '//*[@id="navTop"]/nav/ul[1]/li[2]/a'.</msg>
<msg timestamp="20230129 08:50:57.850" level="INFO" html="true">&lt;/td&gt;&lt;/tr&gt;&lt;tr&gt;&lt;td colspan="3"&gt;&lt;a href="selenium-screenshot-4.png"&gt;&lt;img src="selenium-screenshot-4.png" width="800px"&gt;&lt;/a&gt;</msg>
<msg timestamp="20230129 08:50:57.850" level="FAIL">ElementClickInterceptedException: Message: element click intercepted: Element &lt;a href="https://gotujmy.pl/rejestracja.html" rel="nofollow"&gt;...&lt;/a&gt; is not clickable at point (950, 24). Other element would receive the click: &lt;div class="tcf277-modal-overlay" id="tcf277-modal"&gt;...&lt;/div&gt;
  (Session info: chrome=109.0.5414.120)
Stacktrace:
Backtrace:
	(No symbol) [0x003E6643]
	(No symbol) [0x0037BE21]
	(No symbol) [0x0027DA9D]
	(No symbol) [0x002B92B2]
	(No symbol) [0x002B6970]
	(No symbol) [0x002B3E0B]
	(No symbol) [0x002B2548]
	(No symbol) [0x002A6B13]
	(No symbol) [0x002CFD7C]
	(No symbol) [0x002A641F]
	(No symbol) [0x002D00D4]
	(No symbol) [0x002E6B09]
	(No symbol) [0x002CFB76]
	(No symbol) [0x002A49C1]
	(No symbol) [0x002A5E5D]
	GetHandleVerifier [0x0065A142+2497106]
	GetHandleVerifier [0x006885D3+2686691]
	GetHandleVerifier [0x0068BB9C+2700460]
	GetHandleVerifier [0x00493B10+635936]
	(No symbol) [0x00384A1F]
	(No symbol) [0x0038A418]
	(No symbol) [0x0038A505]
	(No symbol) [0x0039508B]
	BaseThreadInitThunk [0x76FAFEF9+25]
	RtlGetAppContainerNamedObjectPath [0x77447BBE+286]
	RtlGetAppContainerNamedObjectPath [0x77447B8E+238]
</msg>
<status status="FAIL" starttime="20230129 08:50:56.509" endtime="20230129 08:50:57.850"/>
</kw>
<kw name="Run Keyword And Ignore Error" library="BuiltIn">
<arg>click button</arg>
<arg>//*[@id="tcf277-permissions-modal"]/div[3]/div/button[2]</arg>
<doc>Runs the given keyword with the given arguments and ignores possible error.</doc>
<status status="NOT RUN" starttime="20230129 08:50:57.850" endtime="20230129 08:50:57.850"/>
</kw>
<kw name="Input Text" library="SeleniumLibrary">
<arg>//*[@id="f_cmu_email"]</arg>
<doc>Types the given ``text`` into the text field identified by ``locator``.</doc>
<status status="NOT RUN" starttime="20230129 08:50:57.850" endtime="20230129 08:50:57.850"/>
</kw>
<kw name="Input Text" library="SeleniumLibrary">
<arg>//*[@id="f_cmu_email2"]</arg>
<doc>Types the given ``text`` into the text field identified by ``locator``.</doc>
<status status="NOT RUN" starttime="20230129 08:50:57.850" endtime="20230129 08:50:57.850"/>
</kw>
<kw name="Input Password" library="SeleniumLibrary">
<arg>//*[@id="f_cmu_password"]</arg>
<doc>Types the given password into the text field identified by ``locator``.</doc>
<status status="NOT RUN" starttime="20230129 08:50:57.850" endtime="20230129 08:50:57.850"/>
</kw>
<kw name="Input Password" library="SeleniumLibrary">
<arg>//*[@id="f_cmu_password2"]</arg>
<doc>Types the given password into the text field identified by ``locator``.</doc>
<status status="NOT RUN" starttime="20230129 08:50:57.850" endtime="20230129 08:50:57.850"/>
</kw>
<kw name="Checkbox Should Not Be Selected" library="SeleniumLibrary">
<arg>//*[@id="newsletter_agree"]</arg>
<doc>Verifies checkbox ``locator`` is not selected/checked.</doc>
<status status="NOT RUN" starttime="20230129 08:50:57.850" endtime="20230129 08:50:57.850"/>
</kw>
<kw name="Select Checkbox" library="SeleniumLibrary">
<arg>//*[@id="newsletter_agree"]</arg>
<doc>Selects the checkbox identified by ``locator``.</doc>
<status status="NOT RUN" starttime="20230129 08:50:57.855" endtime="20230129 08:50:57.855"/>
</kw>
<kw name="Checkbox Should Not Be Selected" library="SeleniumLibrary">
<arg>//*[@id="user_register_form"]/fieldset/label[2]/input</arg>
<doc>Verifies checkbox ``locator`` is not selected/checked.</doc>
<status status="NOT RUN" starttime="20230129 08:50:57.855" endtime="20230129 08:50:57.855"/>
</kw>
<kw name="Select Checkbox" library="SeleniumLibrary">
<arg>//*[@id="user_register_form"]/fieldset/label[2]/input</arg>
<doc>Selects the checkbox identified by ``locator``.</doc>
<status status="NOT RUN" starttime="20230129 08:50:57.855" endtime="20230129 08:50:57.855"/>
</kw>
<kw name="Checkbox Should Not Be Selected" library="SeleniumLibrary">
<arg>//*[@id="user_register_form"]/fieldset/label[3]/input</arg>
<doc>Verifies checkbox ``locator`` is not selected/checked.</doc>
<status status="NOT RUN" starttime="20230129 08:50:57.855" endtime="20230129 08:50:57.855"/>
</kw>
<kw name="Select Checkbox" library="SeleniumLibrary">
<arg>//*[@id="user_register_form"]/fieldset/label[3]/input</arg>
<doc>Selects the checkbox identified by ``locator``.</doc>
<status status="NOT RUN" starttime="20230129 08:50:57.855" endtime="20230129 08:50:57.855"/>
</kw>
<kw name="Capture Page Screenshot" library="SeleniumLibrary">
<doc>Takes a screenshot of the current page and embeds it into a log file.</doc>
<status status="NOT RUN" starttime="20230129 08:50:57.855" endtime="20230129 08:50:57.855"/>
</kw>
<status status="FAIL" starttime="20230129 08:50:46.302" endtime="20230129 08:50:57.855">ElementClickInterceptedException: Message: element click intercepted: Element &lt;a href="https://gotujmy.pl/rejestracja.html" rel="nofollow"&gt;...&lt;/a&gt; is not clickable at point (950, 24). Other element would receive the click: &lt;div class="tcf277-modal-overlay" id="tcf277-modal"&gt;...&lt;/div&gt;
  (Session info: chrome=109.0.5414.120)
Stacktrace:
Backtrace:
	(No symbol) [0x003E6643]
	(No symbol) [0x0037BE21]
	(No symbol) [0x0027DA9D]
	(No symbol) [0x002B92B2]
	(No symbol) [0x002B6970]
	(No symbol) [0x002B3E0B]
	(No symbol) [0x002B2548]
	(No symbol) [0x002A6B13]
	(No symbol) [0x002CFD7C]
	(No symbol) [0x002A641F]
	(No symbol) [0x002D00D4]
	(No symbol) [0x002E6B09]
	(No symbol) [0x002CFB76]
	(No symbol) [0x002A49C1]
	(No symbol) [0x002A5E5D]
	GetHandleVerifier [0x0065A142+2497106]
	GetHandleVerifier [0x006885D3+2686691]
	GetHandleVerifier [0x0068BB9C+2700460]
	GetHandleVerifier [0x00493B10+635936]
	(No symbol) [0x00384A1F]
	(No symbol) [0x0038A418]
	(No symbol) [0x0038A505]
	(No symbol) [0x0039508B]
	BaseThreadInitThunk [0x76FAFEF9+25]
	RtlGetAppContainerNamedObjectPath [0x77447BBE+286]
	RtlGetAppContainerNamedObjectPath [0x77447B8E+238]
</status>
</test>
<status status="FAIL" starttime="20230129 08:50:45.808" endtime="20230129 08:50:57.860"/>
</suite>
<statistics>
<total>
<stat pass="0" fail="1" skip="0">All Tests</stat>
</total>
<tag>
</tag>
<suite>
<stat pass="0" fail="1" skip="0" id="s1" name="Zadanie">Zadanie</stat>
</suite>
</statistics>
<errors>
</errors>
</robot>
